<?xml version="1.0" encoding="UTF-8"?>
<testsuite name="eStoreSearch.ProductTest" tests="2" skipped="0" failures="0" errors="0" timestamp="2020-11-19T02:41:35" hostname="Craj-PC" time="0.001">
  <properties/>
  <testcase name="testContainsWord" classname="eStoreSearch.ProductTest" time="0.001"/>
  <testcase name="testEquals" classname="eStoreSearch.ProductTest" time="0.0"/>
  <system-out><![CDATA[]]></system-out>
  <system-err><![CDATA[]]></system-err>
</testsuite>
