<?xml version="1.0" encoding="UTF-8"?>
<testsuite name="eStoreSearch.ElectronicsTest" tests="4" skipped="0" failures="0" errors="0" timestamp="2020-11-19T02:41:35" hostname="Craj-PC" time="0.001">
  <properties/>
  <testcase name="testToString" classname="eStoreSearch.ElectronicsTest" time="0.0"/>
  <testcase name="testGetProductID" classname="eStoreSearch.ElectronicsTest" time="0.0"/>
  <testcase name="testEquals" classname="eStoreSearch.ElectronicsTest" time="0.0"/>
  <testcase name="testSetMaker" classname="eStoreSearch.ElectronicsTest" time="0.0"/>
  <system-out><![CDATA[]]></system-out>
  <system-err><![CDATA[]]></system-err>
</testsuite>
